<?xml version="1.0" encoding="UTF-8"?>
<testsuite xmlns:xsi="http://www.w3.org/2001/XMLSchema-instance" xsi:noNamespaceSchemaLocation="https://maven.apache.org/surefire/maven-surefire-plugin/xsd/surefire-test-report-3.0.xsd" version="3.0" name="TestSuite" time="5.475" tests="7" errors="0" skipped="0" failures="0">
  <properties>
[...]
</properties>
  <testcase name="getAllUsers" classname="com.qa.gorest.tests.GetUserTest" time="0.995">
    <system-out><![CDATA[...
... TestNG 7.8.0 by Cédric Beust (cedric@beust.com)
...

running tests on env : stage
Request method:	GET
Request URI:	https://gorest.co.in/public/v2/users/
Proxy:			<none>
Request params:	<none>
Query params:	<none>
Form params:	<none>
Path params:	<none>
Headers:		Authorization=Bearer 56ac3ee0caddbd695b03ee69b35b2df32afcb0f661e6bafb1bfdf0d1179a40cf
				Accept=*/*
Cookies:		<none>
Multiparts:		<none>
Body:			<none>
HTTP/1.1 200 OK
Date: Sat, 23 Dec 2023 10:27:24 GMT
Content-Type: application/json; charset=utf-8
Transfer-Encoding: chunked
Connection: keep-alive
Cache-Control: max-age=0, private, must-revalidate
etag: W/"4e0361762a9544c58ef212e5e4965fee"
referrer-policy: strict-origin-when-cross-origin
vary: Origin
x-content-type-options: nosniff
x-download-options: noopen
x-frame-options: SAMEORIGIN
x-links-current: https://gorest.co.in/public/v2/users?page=1
x-links-next: https://gorest.co.in/public/v2/users?page=2
x-links-previous: 
x-pagination-limit: 10
x-pagination-page: 1
x-pagination-pages: 271
x-pagination-total: 2701
x-permitted-cross-domain-policies: none
x-ratelimit-limit: 90
x-ratelimit-remaining: 81
x-ratelimit-reset: 1
x-request-id: 789496c4-7959-40d0-ae4d-c9dbc2355348
x-runtime: 0.082153
x-xss-protection: 0
CF-Cache-Status: DYNAMIC
Report-To: {"endpoints":[{"url":"https:\/\/a.nel.cloudflare.com\/report\/v3?s=WUr%2FWZaQL0mRKwHtFopE%2FfOUdYvYY5t0MWqG8gI4fjwbiBHreKIRACzQI2%2F3%2F77%2B8MzcuuuIPC7W5C6t0qqPZ3DP5qDSUo5ldFBDWGvvWs3%2FY6YEnUNhVDU6f4OcbVg%3D"}],"group":"cf-nel","max_age":604800}
NEL: {"success_fraction":0,"report_to":"cf-nel","max_age":604800}
Server: cloudflare
CF-RAY: 839fe96fd99531b2-BOM
Content-Encoding: gzip
alt-svc: h3=":443"; ma=86400

[
    {
        "id": 5849132,
        "name": "shobhit12",
        "email": "shobhit1703327211438@api.com",
        "gender": "male",
        "status": "active"
    },
    {
        "id": 5849131,
        "name": "shobhit1",
        "email": "shobhit1703327210845@api.com",
        "gender": "male",
        "status": "inactive"
    },
    {
        "id": 5849130,
        "name": "shobhit",
        "email": "shobhit1703327209743@api.com",
        "gender": "male",
        "status": "active"
    },
    {
        "id": 5849052,
        "name": "shobhit12",
        "email": "shobhit1703320661552@api.com",
        "gender": "male",
        "status": "active"
    },
    {
        "id": 5849051,
        "name": "shobhit1",
        "email": "shobhit1703320660962@api.com",
        "gender": "male",
        "status": "inactive"
    },
    {
        "id": 5849050,
        "name": "shobhit",
        "email": "shobhit1703320659809@api.com",
        "gender": "male",
        "status": "active"
    },
    {
        "id": 5848993,
        "name": "shobhit12",
        "email": "shobhit1703320274976@api.com",
        "gender": "male",
        "status": "active"
    },
    {
        "id": 5848992,
        "name": "shobhit1",
        "email": "shobhit1703320274347@api.com",
        "gender": "male",
        "status": "inactive"
    },
    {
        "id": 5848991,
        "name": "shobhit",
        "email": "shobhit1703320272676@api.com",
        "gender": "male",
        "status": "active"
    },
    {
        "id": 5848734,
        "name": "shobhit111",
        "email": "shobhit1703304943373@api.com",
        "gender": "male",
        "status": "active"
    }
]
]]></system-out>
    <system-err><![CDATA[SLF4J: Failed to load class "org.slf4j.impl.StaticLoggerBinder".
SLF4J: Defaulting to no-operation (NOP) logger implementation
SLF4J: See http://www.slf4j.org/codes.html#StaticLoggerBinder for further details.
]]></system-err>
  </testcase>
  <testcase name="getUser" classname="com.qa.gorest.tests.GetUserTest" time="0.25">
    <system-out><![CDATA[Request method:	GET
Request URI:	https://gorest.co.in/public/v2/users/5840049
Proxy:			<none>
Request params:	<none>
Query params:	<none>
Form params:	<none>
Path params:	<none>
Headers:		Authorization=Bearer 56ac3ee0caddbd695b03ee69b35b2df32afcb0f661e6bafb1bfdf0d1179a40cf
				Accept=*/*
Cookies:		<none>
Multiparts:		<none>
Body:			<none>
HTTP/1.1 200 OK
Date: Sat, 23 Dec 2023 10:27:25 GMT
Content-Type: application/json; charset=utf-8
Transfer-Encoding: chunked
Connection: keep-alive
Cache-Control: max-age=0, private, must-revalidate
etag: W/"464609870d0f60928b1f6ab207cdd975"
referrer-policy: strict-origin-when-cross-origin
vary: Origin
x-content-type-options: nosniff
x-download-options: noopen
x-frame-options: SAMEORIGIN
x-permitted-cross-domain-policies: none
x-ratelimit-limit: 90
x-ratelimit-remaining: 89
x-ratelimit-reset: 2
x-request-id: 1376dc5d-fb24-486b-962a-288c14d26899
x-runtime: 0.053047
x-xss-protection: 0
CF-Cache-Status: DYNAMIC
Report-To: {"endpoints":[{"url":"https:\/\/a.nel.cloudflare.com\/report\/v3?s=Dg8A9giDOITJBS5aOdoWGBf28l%2BGrIo9I3gXndV%2B92b9ooztDcoyuO5Bc3gePdNuwz1T%2BFNGjUpqC8NGI3Yrw2wKKwA27A59aCLkzCmHIIprs81swNxXC%2FvHHbt7cws%3D"}],"group":"cf-nel","max_age":604800}
NEL: {"success_fraction":0,"report_to":"cf-nel","max_age":604800}
Server: cloudflare
CF-RAY: 839fe971f831f2a6-BOM
Content-Encoding: gzip
alt-svc: h3=":443"; ma=86400

{
    "id": 5840049,
    "name": "name",
    "email": "shobhit1702989349650@mail.com",
    "gender": "male",
    "status": "active"
}
]]></system-out>
  </testcase>
  <testcase name="getUserWithQueryParams" classname="com.qa.gorest.tests.GetUserTest" time="0.277">
    <system-out><![CDATA[Request method:	GET
Request URI:	https://gorest.co.in/public/v2/users/?status=inactive
Proxy:			<none>
Request params:	<none>
Query params:	status=inactive
Form params:	<none>
Path params:	<none>
Headers:		Authorization=Bearer 56ac3ee0caddbd695b03ee69b35b2df32afcb0f661e6bafb1bfdf0d1179a40cf
				Accept=*/*
Cookies:		<none>
Multiparts:		<none>
Body:			<none>
HTTP/1.1 200 OK
Date: Sat, 23 Dec 2023 10:27:25 GMT
Content-Type: application/json; charset=utf-8
Transfer-Encoding: chunked
Connection: keep-alive
Cache-Control: max-age=0, private, must-revalidate
etag: W/"654aa5c0e13a7b0609d6fb11e855d376"
referrer-policy: strict-origin-when-cross-origin
vary: Origin
x-content-type-options: nosniff
x-download-options: noopen
x-frame-options: SAMEORIGIN
x-links-current: https://gorest.co.in/public/v2/users?page=1
x-links-next: https://gorest.co.in/public/v2/users?page=2
x-links-previous: 
x-pagination-limit: 10
x-pagination-page: 1
x-pagination-pages: 140
x-pagination-total: 1396
x-permitted-cross-domain-policies: none
x-ratelimit-limit: 90
x-ratelimit-remaining: 88
x-ratelimit-reset: 2
x-request-id: 47c54735-c5c0-4b32-b16a-3acdeff0007f
x-runtime: 0.070869
x-xss-protection: 0
CF-Cache-Status: DYNAMIC
Report-To: {"endpoints":[{"url":"https:\/\/a.nel.cloudflare.com\/report\/v3?s=uT%2FCAe9Vs%2BbmYi%2FIhxAhIHtfNYEVomEi9YkutE%2BfHEN1zoZC6Cjt7bt0lRD%2BSVf6MsANmKO99U7HQ2sxq3X9EtBAsSJO78NZCwg66biWqu6GB2c6R790cOzSgynSTi8%3D"}],"group":"cf-nel","max_age":604800}
NEL: {"success_fraction":0,"report_to":"cf-nel","max_age":604800}
Server: cloudflare
CF-RAY: 839fe9735c9ef2d6-BOM
Content-Encoding: gzip
alt-svc: h3=":443"; ma=86400

[
    {
        "id": 5849131,
        "name": "shobhit1",
        "email": "shobhit1703327210845@api.com",
        "gender": "male",
        "status": "inactive"
    },
    {
        "id": 5849051,
        "name": "shobhit1",
        "email": "shobhit1703320660962@api.com",
        "gender": "male",
        "status": "inactive"
    },
    {
        "id": 5848992,
        "name": "shobhit1",
        "email": "shobhit1703320274347@api.com",
        "gender": "male",
        "status": "inactive"
    },
    {
        "id": 5841673,
        "name": "shobhit commodity ....",
        "email": "shobhit1703085013531@api.com",
        "gender": "male",
        "status": "inactive"
    },
    {
        "id": 5841669,
        "name": "shobhit commodity ....",
        "email": "shobhit1703084792296@api.com",
        "gender": "male",
        "status": "inactive"
    },
    {
        "id": 5841654,
        "name": "shobhit commodity ....",
        "email": "shobhit1703084321516@api.com",
        "gender": "male",
        "status": "inactive"
    },
    {
        "id": 5816727,
        "name": "Ekdant Nayar",
        "email": "ekdant_nayar@corkery.test",
        "gender": "male",
        "status": "inactive"
    },
    {
        "id": 5816716,
        "name": "Dwaipayana Chopra",
        "email": "chopra_dwaipayana@gislason.example",
        "gender": "female",
        "status": "inactive"
    },
    {
        "id": 5816714,
        "name": "Anandamayi Johar",
        "email": "johar_anandamayi@dickinson.example",
        "gender": "female",
        "status": "inactive"
    },
    {
        "id": 5816713,
        "name": "Draupadi Varma",
        "email": "draupadi_varma@haag-tillman.example",
        "gender": "female",
        "status": "inactive"
    }
]
]]></system-out>
  </testcase>
  <testcase name="createUserTest[shobhit, male, active](1)" classname="com.qa.gorest.tests.CreateUserTest" time="1.1">
    <system-out><![CDATA[running tests on env : stage
Request method:	POST
Request URI:	https://gorest.co.in/public/v2/users/
Proxy:			<none>
Request params:	<none>
Query params:	<none>
Form params:	<none>
Path params:	<none>
Headers:		Authorization=Bearer 56ac3ee0caddbd695b03ee69b35b2df32afcb0f661e6bafb1bfdf0d1179a40cf
				Accept=*/*
				Content-Type=application/json
Cookies:		<none>
Multiparts:		<none>
Body:
{
    "id": null,
    "name": "shobhit",
    "email": "shobhit1703327245547@api.com",
    "gender": "male",
    "status": "active"
}
HTTP/1.1 201 Created
Date: Sat, 23 Dec 2023 10:27:26 GMT
Content-Type: application/json; charset=utf-8
Content-Length: 104
Connection: keep-alive
Cache-Control: max-age=0, private, must-revalidate
etag: W/"2dab60c022f77ba384d4cfa6761c5d22"
location: https://gorest.co.in/public/v2/users/5849133
referrer-policy: strict-origin-when-cross-origin
vary: Origin
x-content-type-options: nosniff
x-download-options: noopen
x-frame-options: SAMEORIGIN
x-permitted-cross-domain-policies: none
x-ratelimit-limit: 90
x-ratelimit-remaining: 87
x-ratelimit-reset: 3
x-request-id: 2553da26-043c-43a8-a4fb-2f3d865cc87f
x-runtime: 0.078223
x-xss-protection: 0
CF-Cache-Status: DYNAMIC
Report-To: {"endpoints":[{"url":"https:\/\/a.nel.cloudflare.com\/report\/v3?s=KY6oB4JwOXBRUglHamG%2FktRFuK531mpeIDAZYbYfE8CK9OxUc6TVhh%2FUo3s04dWWjIY0F3mtNLFrLhfxd1WEsWzoAMdgqF06HSv33SM9vWKaJ94AX1%2BOMRd7cRKWbEc%3D"}],"group":"cf-nel","max_age":604800}
NEL: {"success_fraction":0,"report_to":"cf-nel","max_age":604800}
Server: cloudflare
CF-RAY: 839fe976adc0f3cd-BOM
alt-svc: h3=":443"; ma=86400

{
    "id": 5849133,
    "name": "shobhit",
    "email": "shobhit1703327245547@api.com",
    "gender": "male",
    "status": "active"
}
User id: 5849133
Request method:	GET
Request URI:	https://gorest.co.in/public/v2/users/5849133
Proxy:			<none>
Request params:	<none>
Query params:	<none>
Form params:	<none>
Path params:	<none>
Headers:		Authorization=Bearer 56ac3ee0caddbd695b03ee69b35b2df32afcb0f661e6bafb1bfdf0d1179a40cf
				Accept=*/*
Cookies:		<none>
Multiparts:		<none>
Body:			<none>
HTTP/1.1 200 OK
Date: Sat, 23 Dec 2023 10:27:26 GMT
Content-Type: application/json; charset=utf-8
Transfer-Encoding: chunked
Connection: keep-alive
Cache-Control: max-age=0, private, must-revalidate
etag: W/"2dab60c022f77ba384d4cfa6761c5d22"
referrer-policy: strict-origin-when-cross-origin
vary: Origin
x-content-type-options: nosniff
x-download-options: noopen
x-frame-options: SAMEORIGIN
x-permitted-cross-domain-policies: none
x-ratelimit-limit: 90
x-ratelimit-remaining: 86
x-ratelimit-reset: 4
x-request-id: 8ab73586-41dc-4dcc-8bd9-b23be48e54ab
x-runtime: 0.046550
x-xss-protection: 0
CF-Cache-Status: DYNAMIC
Report-To: {"endpoints":[{"url":"https:\/\/a.nel.cloudflare.com\/report\/v3?s=HFAKv1klTf8nHBU6z3MtAXpa2fatmdTRdKBnJn3x6IblI8uzf9Zj4lVNISjfj6V5OP%2B3tj1nXPXu%2B49nWGBFbLSwBL3Bu4SqZPmpwTmQucPlnArXewPj8Wl4Q2i6qk4%3D"}],"group":"cf-nel","max_age":604800}
NEL: {"success_fraction":0,"report_to":"cf-nel","max_age":604800}
Server: cloudflare
CF-RAY: 839fe97a9b2729f2-BOM
Content-Encoding: gzip
alt-svc: h3=":443"; ma=86400

{
    "id": 5849133,
    "name": "shobhit",
    "email": "shobhit1703327245547@api.com",
    "gender": "male",
    "status": "active"
}
]]></system-out>
  </testcase>
  <testcase name="createUserTest[shobhit1, male, inactive](2)" classname="com.qa.gorest.tests.CreateUserTest" time="0.493">
    <system-out><![CDATA[Request method:	POST
Request URI:	https://gorest.co.in/public/v2/users/
Proxy:			<none>
Request params:	<none>
Query params:	<none>
Form params:	<none>
Path params:	<none>
Headers:		Authorization=Bearer 56ac3ee0caddbd695b03ee69b35b2df32afcb0f661e6bafb1bfdf0d1179a40cf
				Accept=*/*
				Content-Type=application/json
Cookies:		<none>
Multiparts:		<none>
Body:
{
    "id": null,
    "name": "shobhit1",
    "email": "shobhit1703327246649@api.com",
    "gender": "male",
    "status": "inactive"
}
HTTP/1.1 201 Created
Date: Sat, 23 Dec 2023 10:27:26 GMT
Content-Type: application/json; charset=utf-8
Content-Length: 107
Connection: keep-alive
Cache-Control: max-age=0, private, must-revalidate
etag: W/"53192f267e697c59fb6a98de32f62925"
location: https://gorest.co.in/public/v2/users/5849134
referrer-policy: strict-origin-when-cross-origin
vary: Origin
x-content-type-options: nosniff
x-download-options: noopen
x-frame-options: SAMEORIGIN
x-permitted-cross-domain-policies: none
x-ratelimit-limit: 90
x-ratelimit-remaining: 85
x-ratelimit-reset: 4
x-request-id: 8ab97e5d-d5a4-4cd8-9be8-f3e99a9a2f53
x-runtime: 0.067738
x-xss-protection: 0
CF-Cache-Status: DYNAMIC
Report-To: {"endpoints":[{"url":"https:\/\/a.nel.cloudflare.com\/report\/v3?s=5JobXsw4UlnWyx0uzpgMrqONaeTJoziUGmUzTePzHk9dM%2B6zKIh7q45dUpIPNqn3exJfwS%2BMA0h3n9cZ1giyN0DSyiYzrIHa9RiTOEu5tSFFfrGnrvOKVfLWF0Hx8Qk%3D"}],"group":"cf-nel","max_age":604800}
NEL: {"success_fraction":0,"report_to":"cf-nel","max_age":604800}
Server: cloudflare
CF-RAY: 839fe97c2dd92960-BOM
alt-svc: h3=":443"; ma=86400

{
    "id": 5849134,
    "name": "shobhit1",
    "email": "shobhit1703327246649@api.com",
    "gender": "male",
    "status": "inactive"
}
User id: 5849134
Request method:	GET
Request URI:	https://gorest.co.in/public/v2/users/5849134
Proxy:			<none>
Request params:	<none>
Query params:	<none>
Form params:	<none>
Path params:	<none>
Headers:		Authorization=Bearer 56ac3ee0caddbd695b03ee69b35b2df32afcb0f661e6bafb1bfdf0d1179a40cf
				Accept=*/*
Cookies:		<none>
Multiparts:		<none>
Body:			<none>
HTTP/1.1 200 OK
Date: Sat, 23 Dec 2023 10:27:27 GMT
Content-Type: application/json; charset=utf-8
Transfer-Encoding: chunked
Connection: keep-alive
Cache-Control: max-age=0, private, must-revalidate
etag: W/"53192f267e697c59fb6a98de32f62925"
referrer-policy: strict-origin-when-cross-origin
vary: Origin
x-content-type-options: nosniff
x-download-options: noopen
x-frame-options: SAMEORIGIN
x-permitted-cross-domain-policies: none
x-ratelimit-limit: 90
x-ratelimit-remaining: 84
x-ratelimit-reset: 5
x-request-id: 26bcd24a-41b6-4f1c-afc9-4358d3609301
x-runtime: 0.043261
x-xss-protection: 0
CF-Cache-Status: DYNAMIC
Report-To: {"endpoints":[{"url":"https:\/\/a.nel.cloudflare.com\/report\/v3?s=ZUXLbcwbiNgD%2Bkj75UMBBH7mMNIqHHADNEE7jOzt29lNbm93HfFimAd33ys0sBMnics6nVpyjqtvw6UKC1KPTXur4NCdm%2B2YguLUihW7TEj6wGTizjP7Vwb0Z55AZE8%3D"}],"group":"cf-nel","max_age":604800}
NEL: {"success_fraction":0,"report_to":"cf-nel","max_age":604800}
Server: cloudflare
CF-RAY: 839fe97dec542967-BOM
Content-Encoding: gzip
alt-svc: h3=":443"; ma=86400

{
    "id": 5849134,
    "name": "shobhit1",
    "email": "shobhit1703327246649@api.com",
    "gender": "male",
    "status": "inactive"
}
]]></system-out>
  </testcase>
  <testcase name="createUserTest[shobhit12, male, active](3)" classname="com.qa.gorest.tests.CreateUserTest" time="0.751">
    <system-out><![CDATA[Request method:	POST
Request URI:	https://gorest.co.in/public/v2/users/
Proxy:			<none>
Request params:	<none>
Query params:	<none>
Form params:	<none>
Path params:	<none>
Headers:		Authorization=Bearer 56ac3ee0caddbd695b03ee69b35b2df32afcb0f661e6bafb1bfdf0d1179a40cf
				Accept=*/*
				Content-Type=application/json
Cookies:		<none>
Multiparts:		<none>
Body:
{
    "id": null,
    "name": "shobhit12",
    "email": "shobhit1703327247142@api.com",
    "gender": "male",
    "status": "active"
}
HTTP/1.1 201 Created
Date: Sat, 23 Dec 2023 10:27:27 GMT
Content-Type: application/json; charset=utf-8
Content-Length: 106
Connection: keep-alive
Cache-Control: max-age=0, private, must-revalidate
etag: W/"7df38e5a286e716400e87360117f474d"
location: https://gorest.co.in/public/v2/users/5849135
referrer-policy: strict-origin-when-cross-origin
vary: Origin
x-content-type-options: nosniff
x-download-options: noopen
x-frame-options: SAMEORIGIN
x-permitted-cross-domain-policies: none
x-ratelimit-limit: 90
x-ratelimit-remaining: 83
x-ratelimit-reset: 6
x-request-id: 54c39c39-352c-4196-b3db-7048257ad293
x-runtime: 0.067628
x-xss-protection: 0
CF-Cache-Status: DYNAMIC
Report-To: {"endpoints":[{"url":"https:\/\/a.nel.cloudflare.com\/report\/v3?s=MC%2Bxqm2cJb2Ic%2ByZ8kGchoD5LdT%2BMhPbBVotP4WvaashsjYyDPWUrVBFjejIO%2B14cqopXowRVrY4r62WHd5eYwgn60REQURiQzmEDhzDf6HiAiXGGOlrb09DHlu2MUI%3D"}],"group":"cf-nel","max_age":604800}
NEL: {"success_fraction":0,"report_to":"cf-nel","max_age":604800}
Server: cloudflare
CF-RAY: 839fe97fdf6af2ce-BOM
alt-svc: h3=":443"; ma=86400

{
    "id": 5849135,
    "name": "shobhit12",
    "email": "shobhit1703327247142@api.com",
    "gender": "male",
    "status": "active"
}
User id: 5849135
Request method:	GET
Request URI:	https://gorest.co.in/public/v2/users/5849135
Proxy:			<none>
Request params:	<none>
Query params:	<none>
Form params:	<none>
Path params:	<none>
Headers:		Authorization=Bearer 56ac3ee0caddbd695b03ee69b35b2df32afcb0f661e6bafb1bfdf0d1179a40cf
				Accept=*/*
Cookies:		<none>
Multiparts:		<none>
Body:			<none>
HTTP/1.1 200 OK
Date: Sat, 23 Dec 2023 10:27:27 GMT
Content-Type: application/json; charset=utf-8
Transfer-Encoding: chunked
Connection: keep-alive
Cache-Control: max-age=0, private, must-revalidate
etag: W/"7df38e5a286e716400e87360117f474d"
referrer-policy: strict-origin-when-cross-origin
vary: Origin
x-content-type-options: nosniff
x-download-options: noopen
x-frame-options: SAMEORIGIN
x-permitted-cross-domain-policies: none
x-ratelimit-limit: 90
x-ratelimit-remaining: 82
x-ratelimit-reset: 6
x-request-id: 910ad02c-feea-4fb1-9481-ecdeab23c992
x-runtime: 0.079871
x-xss-protection: 0
CF-Cache-Status: DYNAMIC
Report-To: {"endpoints":[{"url":"https:\/\/a.nel.cloudflare.com\/report\/v3?s=rKUnHmD6jx6Wkmz0xUzWw8KB8%2FAx%2FCxGFsJqyXOe2nN79YCjq%2FmRzjjStV6bFVUxhIPdPxghzAmpNKjdTCIB5NIXa9UZozNkpbf1H1rnGsVNcWb%2FniKqpBNz7RYUZOA%3D"}],"group":"cf-nel","max_age":604800}
NEL: {"success_fraction":0,"report_to":"cf-nel","max_age":604800}
Server: cloudflare
CF-RAY: 839fe9827b301bdc-BOM
Content-Encoding: gzip
alt-svc: h3=":443"; ma=86400

{
    "id": 5849135,
    "name": "shobhit12",
    "email": "shobhit1703327247142@api.com",
    "gender": "male",
    "status": "active"
}
]]></system-out>
  </testcase>
  <testcase name="getAllUsersTest" classname="com.qa.gorest.tests.CircuitTest" time="0.557">
    <system-out><![CDATA[running tests on env : stage
Request method:	GET
Request URI:	http://ergast.com/api/f1/2019/circuits.json
Proxy:			<none>
Request params:	<none>
Query params:	<none>
Form params:	<none>
Path params:	<none>
Headers:		Accept=*/*
Cookies:		<none>
Multiparts:		<none>
Body:			<none>
["China"]
]]></system-out>
  </testcase>
</testsuite>