<?xml version="1.0" encoding="UTF-8"?>
<!-- Generated by org.testng.reporters.JUnitXMLReporter -->
<testsuite ignored="0" hostname="IN-5NM9WP3" failures="0" tests="3" name="Go Rest API Test" time="1.92" errors="0" timestamp="2023-12-23T15:57:25 IST">
  <testcase classname="com.qa.gorest.tests.GetUserTest" name="getAllUsers" time="0.99"/>
  <testcase classname="com.qa.gorest.tests.GetUserTest" name="getUser" time="0.25"/>
  <testcase classname="com.qa.gorest.tests.GetUserTest" name="getUserWithQueryParams" time="0.277"/>
</testsuite> <!-- Go Rest API Test -->
