<?xml version="1.0" encoding="UTF-8"?>
<!-- Generated by org.testng.reporters.JUnitXMLReporter -->
<testsuite ignored="0" hostname="IN-5NM9WP3" failures="0" tests="3" name="Go Rest API Create User Test" time="2.35" errors="0" timestamp="2023-12-23T15:57:27 IST">
  <testcase classname="com.qa.gorest.tests.CreateUserTest" name="createUserTest" time="1.1"/>
  <testcase classname="com.qa.gorest.tests.CreateUserTest" name="createUserTest" time="0.488"/>
  <testcase classname="com.qa.gorest.tests.CreateUserTest" name="createUserTest" time="0.75"/>
</testsuite> <!-- Go Rest API Create User Test -->
